<?xml version="1.0" encoding="UTF-8"?>
<!-- Generated by org.testng.reporters.JUnitReportReporter -->
<testsuite skipped="0" hostname="DESKTOP-JNRF6F6" name="tests.Tests" tests="1" failures="0" timestamp="2020-12-24T05:16:08 MSK" time="9.650" errors="0">
  <testcase name="failedLogin" time="9.650" classname="tests.Tests"/>
  <system-out/>
</testsuite> <!-- tests.Tests -->
